Release 14.6 - xst P.68d (nt)
Copyright (c) 1995-2013 Xilinx, Inc.  All rights reserved.
--> Parameter TMPDIR set to xst/projnav.tmp


Total REAL time to Xst completion: 1.00 secs
Total CPU time to Xst completion: 0.49 secs
 
--> Parameter xsthdpdir set to xst


Total REAL time to Xst completion: 1.00 secs
Total CPU time to Xst completion: 0.50 secs
 
--> Reading design: top.prj

TABLE OF CONTENTS
  1) Synthesis Options Summary
  2) HDL Parsing
  3) HDL Elaboration
  4) HDL Synthesis
       4.1) HDL Synthesis Report
  5) Advanced HDL Synthesis
       5.1) Advanced HDL Synthesis Report
  6) Low Level Synthesis
  7) Partition Report
  8) Design Summary
       8.1) Primitive and Black Box Usage
       8.2) Device utilization summary
       8.3) Partition Resource Summary
       8.4) Timing Report
            8.4.1) Clock Information
            8.4.2) Asynchronous Control Signals Information
            8.4.3) Timing Summary
            8.4.4) Timing Details
            8.4.5) Cross Clock Domains Report


=========================================================================
*                      Synthesis Options Summary                        *
=========================================================================
---- Source Parameters
Input File Name                    : "top.prj"
Ignore Synthesis Constraint File   : NO

---- Target Parameters
Output File Name                   : "top"
Output Format                      : NGC
Target Device                      : xc7a100t-3-csg324

---- Source Options
Top Module Name                    : top
Automatic FSM Extraction           : YES
FSM Encoding Algorithm             : Auto
Safe Implementation                : No
FSM Style                          : LUT
RAM Extraction                     : Yes
RAM Style                          : Auto
ROM Extraction                     : Yes
Shift Register Extraction          : YES
ROM Style                          : Auto
Resource Sharing                   : YES
Asynchronous To Synchronous        : NO
Shift Register Minimum Size        : 2
Use DSP Block                      : Auto
Automatic Register Balancing       : No

---- Target Options
LUT Combining                      : Auto
Reduce Control Sets                : Auto
Add IO Buffers                     : YES
Global Maximum Fanout              : 100000
Add Generic Clock Buffer(BUFG)     : 32
Register Duplication               : YES
Optimize Instantiated Primitives   : NO
Use Clock Enable                   : Auto
Use Synchronous Set                : Auto
Use Synchronous Reset              : Auto
Pack IO Registers into IOBs        : Auto
Equivalent register Removal        : YES

---- General Options
Optimization Goal                  : Speed
Optimization Effort                : 1
Power Reduction                    : NO
Keep Hierarchy                     : No
Netlist Hierarchy                  : As_Optimized
RTL Output                         : Yes
Global Optimization                : AllClockNets
Read Cores                         : YES
Write Timing Constraints           : NO
Cross Clock Analysis               : NO
Hierarchy Separator                : /
Bus Delimiter                      : <>
Case Specifier                     : Maintain
Slice Utilization Ratio            : 100
BRAM Utilization Ratio             : 100
DSP48 Utilization Ratio            : 100
Auto BRAM Packing                  : NO
Slice Utilization Ratio Delta      : 5

=========================================================================


=========================================================================
*                          HDL Parsing                                  *
=========================================================================
Parsing VHDL file "C:\Users\Jesus\Documents\GitHub\RepositorioGit\ContadorOctal\ContadorOctal.vhd" into library work
Parsing entity <ContadorOctal>.
Parsing architecture <Behavioral> of entity <contadoroctal>.
Parsing VHDL file "C:\Users\Jesus\Documents\GitHub\RepositorioGit\ContadorOctal\OctalCompleto.vhd" into library work
Parsing entity <OctalCompleto>.
Parsing architecture <Behavioral> of entity <octalcompleto>.
Parsing VHDL file "C:\Users\Jesus\Documents\GitHub\RepositorioGit\ContadorOctal\Decoder.vhd" into library work
Parsing entity <decoder>.
Parsing architecture <dataflow> of entity <decoder>.
Parsing VHDL file "C:\Users\Jesus\Documents\GitHub\RepositorioGit\ContadorOctal\top.vhd" into library work
Parsing entity <top>.
Parsing architecture <Behavioral> of entity <top>.

=========================================================================
*                            HDL Elaboration                            *
=========================================================================

Elaborating entity <top> (architecture <Behavioral>) with generics from library <work>.

Elaborating entity <OctalCompleto> (architecture <Behavioral>) with generics from library <work>.

Elaborating entity <ContadorOctal> (architecture <Behavioral>) with generics from library <work>.

Elaborating entity <decoder> (architecture <dataflow>) from library <work>.

=========================================================================
*                           HDL Synthesis                               *
=========================================================================

Synthesizing Unit <top>.
    Related source file is "C:\Users\Jesus\Documents\GitHub\RepositorioGit\ContadorOctal\top.vhd".
        width = 2
    Summary:
	no macro.
Unit <top> synthesized.

Synthesizing Unit <OctalCompleto>.
    Related source file is "C:\Users\Jesus\Documents\GitHub\RepositorioGit\ContadorOctal\OctalCompleto.vhd".
        width = 2
    Summary:
	inferred   2 Multiplexer(s).
Unit <OctalCompleto> synthesized.

Synthesizing Unit <ContadorOctal>.
    Related source file is "C:\Users\Jesus\Documents\GitHub\RepositorioGit\ContadorOctal\ContadorOctal.vhd".
        width = 2
    Found 3-bit register for signal <dout_aux>.
    Found 1-bit register for signal <cout>.
    Found 3-bit adder for signal <dout_aux[2]_GND_7_o_add_1_OUT> created at line 77.
    Summary:
	inferred   1 Adder/Subtractor(s).
	inferred   4 D-type flip-flop(s).
	inferred   3 Multiplexer(s).
Unit <ContadorOctal> synthesized.

Synthesizing Unit <decoder>.
    Related source file is "C:\Users\Jesus\Documents\GitHub\RepositorioGit\ContadorOctal\Decoder.vhd".
    Found 8x7-bit Read Only RAM for signal <led>
    Summary:
	inferred   1 RAM(s).
Unit <decoder> synthesized.

=========================================================================
HDL Synthesis Report

Macro Statistics
# RAMs                                                 : 2
 8x7-bit single-port Read Only RAM                     : 2
# Adders/Subtractors                                   : 2
 3-bit adder                                           : 2
# Registers                                            : 4
 1-bit register                                        : 2
 3-bit register                                        : 2
# Multiplexers                                         : 8
 1-bit 2-to-1 multiplexer                              : 4
 3-bit 2-to-1 multiplexer                              : 4

=========================================================================

=========================================================================
*                       Advanced HDL Synthesis                          *
=========================================================================


Synthesizing (advanced) Unit <decoder>.
INFO:Xst:3218 - HDL ADVISOR - The RAM <Mram_led> will be implemented on LUTs either because you have described an asynchronous read or because of currently unsupported block RAM features. If you have described an asynchronous read, making it synchronous would allow you to take advantage of available block RAM resources, for optimized device usage and improved timings. Please refer to your documentation for coding guidelines.
    -----------------------------------------------------------------------
    | ram_type           | Distributed                         |          |
    -----------------------------------------------------------------------
    | Port A                                                              |
    |     aspect ratio   | 8-word x 7-bit                      |          |
    |     weA            | connected to signal <GND>           | high     |
    |     addrA          | connected to signal <code>          |          |
    |     diA            | connected to signal <GND>           |          |
    |     doA            | connected to signal <led>           |          |
    -----------------------------------------------------------------------
Unit <decoder> synthesized (advanced).

=========================================================================
Advanced HDL Synthesis Report

Macro Statistics
# RAMs                                                 : 2
 8x7-bit single-port distributed Read Only RAM         : 2
# Adders/Subtractors                                   : 2
 3-bit adder                                           : 2
# Registers                                            : 8
 Flip-Flops                                            : 8
# Multiplexers                                         : 8
 1-bit 2-to-1 multiplexer                              : 4
 3-bit 2-to-1 multiplexer                              : 4

=========================================================================

=========================================================================
*                         Low Level Synthesis                           *
=========================================================================

Optimizing unit <top> ...

Optimizing unit <ContadorOctal> ...

Mapping all equations...
Building and optimizing final netlist ...
Found area constraint ratio of 100 (+ 5) on block top, actual ratio is 0.

Final Macro Processing ...

=========================================================================
Final Register Report

Macro Statistics
# Registers                                            : 8
 Flip-Flops                                            : 8

=========================================================================

=========================================================================
*                           Partition Report                            *
=========================================================================

Partition Implementation Status
-------------------------------

  No Partitions were found in this design.

-------------------------------

=========================================================================
*                            Design Summary                             *
=========================================================================

Top Level Output File Name         : top.ngc

Primitive and Black Box Usage:
------------------------------
# BELS                             : 26
#      LUT2                        : 2
#      LUT3                        : 16
#      LUT4                        : 6
#      LUT5                        : 2
# FlipFlops/Latches                : 8
#      FDCE                        : 8
# Clock Buffers                    : 1
#      BUFGP                       : 1
# IO Buffers                       : 24
#      IBUF                        : 9
#      OBUF                        : 15

Device utilization summary:
---------------------------

Selected Device : 7a100tcsg324-3 


Slice Logic Utilization: 
 Number of Slice Registers:               8  out of  126800     0%  
 Number of Slice LUTs:                   26  out of  63400     0%  
    Number used as Logic:                26  out of  63400     0%  

Slice Logic Distribution: 
 Number of LUT Flip Flop pairs used:     26
   Number with an unused Flip Flop:      18  out of     26    69%  
   Number with an unused LUT:             0  out of     26     0%  
   Number of fully used LUT-FF pairs:     8  out of     26    30%  
   Number of unique control sets:         2

IO Utilization: 
 Number of IOs:                          31
 Number of bonded IOBs:                  25  out of    210    11%  

Specific Feature Utilization:
 Number of BUFG/BUFGCTRLs:                1  out of     32     3%  

---------------------------
Partition Resource Summary:
---------------------------

  No Partitions were found in this design.

---------------------------


=========================================================================
Timing Report

NOTE: THESE TIMING NUMBERS ARE ONLY A SYNTHESIS ESTIMATE.
      FOR ACCURATE TIMING INFORMATION PLEASE REFER TO THE TRACE REPORT
      GENERATED AFTER PLACE-and-ROUTE.

Clock Information:
------------------
-----------------------------------+------------------------+-------+
Clock Signal                       | Clock buffer(FF name)  | Load  |
-----------------------------------+------------------------+-------+
clk                                | BUFGP                  | 8     |
-----------------------------------+------------------------+-------+

Asynchronous Control Signals Information:
----------------------------------------
No asynchronous control signals found in this design

Timing Summary:
---------------
Speed Grade: -3

   Minimum period: 1.668ns (Maximum Frequency: 599.664MHz)
   Minimum input arrival time before clock: 1.301ns
   Maximum output required time after clock: 1.305ns
   Maximum combinational path delay: No path found

Timing Details:
---------------
All values displayed in nanoseconds (ns)

=========================================================================
Timing constraint: Default period analysis for Clock 'clk'
  Clock period: 1.668ns (frequency: 599.664MHz)
  Total number of paths / destination ports: 46 / 20
-------------------------------------------------------------------------
Delay:               1.668ns (Levels of Logic = 1)
  Source:            Inst_OctalCompleto/Inst_ContadorOctal1/dout_aux_0 (FF)
  Destination:       Inst_OctalCompleto/Inst_ContadorOctal0/cout (FF)
  Source Clock:      clk rising
  Destination Clock: clk rising

  Data Path: Inst_OctalCompleto/Inst_ContadorOctal1/dout_aux_0 to Inst_OctalCompleto/Inst_ContadorOctal0/cout
                                Gate     Net
    Cell:in->out      fanout   Delay   Delay  Logical Name (Net Name)
    ----------------------------------------  ------------
     FDCE:C->Q            13   0.361   0.567  Inst_OctalCompleto/Inst_ContadorOctal1/dout_aux_0 (Inst_OctalCompleto/Inst_ContadorOctal1/dout_aux_0)
     LUT4:I1->O            4   0.097   0.293  Inst_OctalCompleto/Inst_ContadorOctal0/notreset_inv1 (Inst_OctalCompleto/Inst_ContadorOctal0/notreset_inv)
     FDCE:CLR                  0.349          Inst_OctalCompleto/Inst_ContadorOctal0/dout_aux_0
    ----------------------------------------
    Total                      1.668ns (0.807ns logic, 0.861ns route)
                                       (48.4% logic, 51.6% route)

=========================================================================
Timing constraint: Default OFFSET IN BEFORE for Clock 'clk'
  Total number of paths / destination ports: 34 / 24
-------------------------------------------------------------------------
Offset:              1.301ns (Levels of Logic = 2)
  Source:            notreset (PAD)
  Destination:       Inst_OctalCompleto/Inst_ContadorOctal0/cout (FF)
  Destination Clock: clk rising

  Data Path: notreset to Inst_OctalCompleto/Inst_ContadorOctal0/cout
                                Gate     Net
    Cell:in->out      fanout   Delay   Delay  Logical Name (Net Name)
    ----------------------------------------  ------------
     IBUF:I->O             2   0.001   0.561  notreset_IBUF (notreset_IBUF)
     LUT4:I0->O            4   0.097   0.293  Inst_OctalCompleto/Inst_ContadorOctal0/notreset_inv1 (Inst_OctalCompleto/Inst_ContadorOctal0/notreset_inv)
     FDCE:CLR                  0.349          Inst_OctalCompleto/Inst_ContadorOctal0/dout_aux_0
    ----------------------------------------
    Total                      1.301ns (0.447ns logic, 0.854ns route)
                                       (34.4% logic, 65.6% route)

=========================================================================
Timing constraint: Default OFFSET OUT AFTER for Clock 'clk'
  Total number of paths / destination ports: 43 / 15
-------------------------------------------------------------------------
Offset:              1.305ns (Levels of Logic = 2)
  Source:            Inst_OctalCompleto/Inst_ContadorOctal1/dout_aux_0 (FF)
  Destination:       segment1<4> (PAD)
  Source Clock:      clk rising

  Data Path: Inst_OctalCompleto/Inst_ContadorOctal1/dout_aux_0 to segment1<4>
                                Gate     Net
    Cell:in->out      fanout   Delay   Delay  Logical Name (Net Name)
    ----------------------------------------  ------------
     FDCE:C->Q            13   0.361   0.567  Inst_OctalCompleto/Inst_ContadorOctal1/dout_aux_0 (Inst_OctalCompleto/Inst_ContadorOctal1/dout_aux_0)
     LUT3:I0->O            1   0.097   0.279  Inst_Decoder1/Mram_led21 (segment1_2_OBUF)
     OBUF:I->O                 0.000          segment1_2_OBUF (segment1<2>)
    ----------------------------------------
    Total                      1.305ns (0.458ns logic, 0.847ns route)
                                       (35.1% logic, 64.9% route)

=========================================================================

Cross Clock Domains Report:
--------------------------

Clock to Setup on destination clock clk
---------------+---------+---------+---------+---------+
               | Src:Rise| Src:Fall| Src:Rise| Src:Fall|
Source Clock   |Dest:Rise|Dest:Rise|Dest:Fall|Dest:Fall|
---------------+---------+---------+---------+---------+
clk            |    1.668|         |         |         |
---------------+---------+---------+---------+---------+

=========================================================================


Total REAL time to Xst completion: 30.00 secs
Total CPU time to Xst completion: 30.09 secs
 
--> 

Total memory usage is 306780 kilobytes

Number of errors   :    0 (   0 filtered)
Number of warnings :    0 (   0 filtered)
Number of infos    :    1 (   0 filtered)

